
**** Build of configuration Debug for project lab9 ****

"C:\\ti\\ccsv6\\utils\\bin\\gmake" -k all 
'Building file: ../main.c'
'Invoking: ARM Compiler'
"C:/ti/ccsv6/tools/compiler/ti-cgt-arm_15.12.1.LTS/bin/armcl" -mv7M4 --code_state=16 --float_support=FPv4SPD16 -me --include_path="C:/ti/ccsv6/tools/compiler/ti-cgt-arm_15.12.1.LTS/include" --include_path="C:/ti/TivaWare_C_Series-2.1.2.111" -g --gcc --define=ccs="ccs" --define=PART_TM4C123GH6PM --diag_warning=225 --diag_wrap=off --display_error_number --abi=eabi --preproc_with_compile --preproc_dependency="main.d"  "../main.c"

>> Compilation failure
subdir_rules.mk:35: recipe for target 'main.obj' failed
"C:/ti/TivaWare_C_Series-2.1.2.111/driverlib/interrupt.h", line 67: error #20: identifier "bool" is undefined
"C:/ti/TivaWare_C_Series-2.1.2.111/driverlib/interrupt.h", line 68: error #20: identifier "bool" is undefined
"..\music.h", line 7: warning #1181-D: #warning directive: "Make sure the open interface has been initialized before calling load_songs()." // you may delete this warning
"../main.c", line 55: warning #188-D: pointless comparison of unsigned integer with zero
"../main.c", line 98: warning #225-D: function "ADC_read" declared implicitly
"../main.c", line 155: warning #179-D: variable "j" was declared but never referenced
"../main.c", line 156: warning #179-D: variable "min" was declared but never referenced
"../main.c", line 157: warning #179-D: variable "loc" was declared but never referenced
"../main.c", line 186: warning #225-D: function "ADC_read" declared implicitly
"../main.c", line 177: warning #179-D: variable "smallestLoc" was declared but never referenced
"../main.c", line 237: warning #179-D: variable "min" was declared but never referenced
"../main.c", line 264: warning #225-D: function "ADC_init" declared implicitly
"../main.c", line 280: warning #225-D: function "uart_receive" declared implicitly
2 errors detected in the compilation of "../main.c".
gmake: *** [main.obj] Error 1
'Building file: ../movement.c'
'Invoking: ARM Compiler'
"C:/ti/ccsv6/tools/compiler/ti-cgt-arm_15.12.1.LTS/bin/armcl" -mv7M4 --code_state=16 --float_support=FPv4SPD16 -me --include_path="C:/ti/ccsv6/tools/compiler/ti-cgt-arm_15.12.1.LTS/include" --include_path="C:/ti/TivaWare_C_Series-2.1.2.111" -g --gcc --define=ccs="ccs" --define=PART_TM4C123GH6PM --diag_warning=225 --diag_wrap=off --display_error_number --abi=eabi --preproc_with_compile --preproc_dependency="movement.d"  "../movement.c"
"../movement.c", line 30: warning #179-D: variable "colorRightSide" was declared but never referenced
"../movement.c", line 31: warning #179-D: variable "colorLeftSide" was declared but never referenced
'Finished building: ../movement.c'
' '
'Building file: ../ping.c'
'Invoking: ARM Compiler'
"C:/ti/ccsv6/tools/compiler/ti-cgt-arm_15.12.1.LTS/bin/armcl" -mv7M4 --code_state=16 --float_support=FPv4SPD16 -me --include_path="C:/ti/ccsv6/tools/compiler/ti-cgt-arm_15.12.1.LTS/include" --include_path="C:/ti/TivaWare_C_Series-2.1.2.111" -g --gcc --define=ccs="ccs" --define=PART_TM4C123GH6PM --diag_warning=225 --diag_wrap=off --display_error_number --abi=eabi --preproc_with_compile --preproc_dependency="ping.d"  "../ping.c"

>> Compilation failure
subdir_rules.mk:63: recipe for target 'ping.obj' failed
"C:/ti/TivaWare_C_Series-2.1.2.111/driverlib/interrupt.h", line 67: error #20: identifier "bool" is undefined
"C:/ti/TivaWare_C_Series-2.1.2.111/driverlib/interrupt.h", line 68: error #20: identifier "bool" is undefined
2 errors detected in the compilation of "../ping.c".
gmake: *** [ping.obj] Error 1
gmake: Target 'all' not remade because of errors.

**** Build Finished ****
